[508] 2026/05/26 00:32:55.515545 [INF] Starting nats-server
[508] 2026/05/26 00:32:55.519608 [INF]   Version:  2.14.1
[508] 2026/05/26 00:32:55.519608 [INF]   Git:      [cb557cd]
[508] 2026/05/26 00:32:55.519608 [INF]   Name:     NA465MHJOU23IMNOMSX4SXRDMPDPTFQPXVA3I5AXEYBZANXB3MU435NM
[508] 2026/05/26 00:32:55.519608 [INF]   Node:     81MVY8a4
[508] 2026/05/26 00:32:55.519608 [INF]   ID:       NA465MHJOU23IMNOMSX4SXRDMPDPTFQPXVA3I5AXEYBZANXB3MU435NM
[508] 2026/05/26 00:32:55.520722 [INF] Starting JetStream
[508] 2026/05/26 00:32:55.520722 [WRN] Temporary storage directory used, data could be lost on system reboot
[508] 2026/05/26 00:32:55.521248 [INF]     _ ___ _____ ___ _____ ___ ___   _   __  __
[508] 2026/05/26 00:32:55.521248 [INF]  _ | | __|_   _/ __|_   _| _ \ __| /_\ |  \/  |
[508] 2026/05/26 00:32:55.521248 [INF] | || | _|  | | \__ \ | | |   / _| / _ \| |\/| |
[508] 2026/05/26 00:32:55.521248 [INF]  \__/|___| |_| |___/ |_| |_|_\___/_/ \_\_|  |_|
[508] 2026/05/26 00:32:55.521248 [INF]
[508] 2026/05/26 00:32:55.521248 [INF]          https://docs.nats.io/jetstream
[508] 2026/05/26 00:32:55.521768 [INF]
[508] 2026/05/26 00:32:55.521768 [INF] ---------------- JETSTREAM ----------------
[508] 2026/05/26 00:32:55.521768 [INF]   Strict:          true
[508] 2026/05/26 00:32:55.521768 [INF]   Max Memory:      23.86 GB
[508] 2026/05/26 00:32:55.521768 [INF]   Max Storage:     1.00 TB
[508] 2026/05/26 00:32:55.521768 [INF]   Store Directory: "C:\Users\John\AppData\Local\Temp\nats\jetstream"
[508] 2026/05/26 00:32:55.521768 [INF]   API Level:       4
[508] 2026/05/26 00:32:55.521768 [INF] -------------------------------------------
[508] 2026/05/26 00:32:55.522806 [INF] Took 2.084ms to start JetStream
[508] 2026/05/26 00:32:55.523329 [INF] Listening for client connections on 127.0.0.1:7422
[508] 2026/05/26 00:32:55.523329 [INF] Server is ready
